<?xml version="1.0" encoding="UTF-8" ?>
<testsuite tests="3" failures="0" name="nz.ac.wgtn.ecs.semdiff.nullable.negativetestanalysis.test_junit4.AnnotationTest" time="0.001" errors="0" skipped="0">
  <properties>
[...]
</properties>
  <testcase classname="nz.ac.wgtn.ecs.semdiff.nullable.negativetestanalysis.test_junit4.AnnotationTest" name="testNoException" time="0.001"/>
  <testcase classname="nz.ac.wgtn.ecs.semdiff.nullable.negativetestanalysis.test_junit4.AnnotationTest" name="testNPE" time="0"/>
  <testcase classname="nz.ac.wgtn.ecs.semdiff.nullable.negativetestanalysis.test_junit4.AnnotationTest" name="testAIOBE" time="0"/>
</testsuite>